7/29/2019 12:03:44 PM	This log contains information about the import schema operation into project 'CI-CD-Database' on computer 'LP-5CD9156WT9' by user 'saurav.srivastava'.
7/29/2019 12:03:44 PM	Import of database schema has started.
7/29/2019 12:03:50 PM	Gathering database credentials
7/29/2019 12:03:50 PM	Gathering database options
7/29/2019 12:03:50 PM	Gathering users
7/29/2019 12:03:50 PM	Gathering roles
7/29/2019 12:03:50 PM	Gathering application roles
7/29/2019 12:03:50 PM	Gathering role memberships
7/29/2019 12:03:50 PM	Gathering filegroups
7/29/2019 12:03:50 PM	Gathering full-text catalogs
7/29/2019 12:03:50 PM	Gathering assemblies
7/29/2019 12:03:50 PM	Gathering certificates
7/29/2019 12:03:50 PM	Gathering asymmetric keys
7/29/2019 12:03:50 PM	Gathering symmetric keys
7/29/2019 12:03:50 PM	Gathering encrypted symmetric keys
7/29/2019 12:03:50 PM	Gathering schemas
7/29/2019 12:03:50 PM	Gathering XML schema collections
7/29/2019 12:03:50 PM	Gathering user-defined data types
7/29/2019 12:03:50 PM	Gathering user-defined types
7/29/2019 12:03:50 PM	Gathering table types
7/29/2019 12:03:50 PM	Gathering unique keys for table types
7/29/2019 12:03:50 PM	Gathering primary keys for table types
7/29/2019 12:03:50 PM	Gathering indexes for table types
7/29/2019 12:03:50 PM	Gathering check constraints for table types
7/29/2019 12:03:50 PM	Gathering default constraints for table types
7/29/2019 12:03:50 PM	Gathering partition functions
7/29/2019 12:03:50 PM	Gathering partition schemes
7/29/2019 12:03:50 PM	Gathering functions
7/29/2019 12:03:50 PM	Gathering encrypted functions
7/29/2019 12:03:50 PM	Gathering aggregates
7/29/2019 12:03:50 PM	Gathering procedures
7/29/2019 12:03:50 PM	Gathering encrypted procedures
7/29/2019 12:03:50 PM	Gathering tables
7/29/2019 12:03:50 PM	Gathering primary keys
7/29/2019 12:03:50 PM	Gathering unique constraints
7/29/2019 12:03:50 PM	Gathering foreign keys
7/29/2019 12:03:50 PM	Gathering default constraints
7/29/2019 12:03:50 PM	Gathering check constraints
7/29/2019 12:03:50 PM	Gathering views
7/29/2019 12:03:50 PM	Gathering encrypted views
7/29/2019 12:03:50 PM	Gathering indexes
7/29/2019 12:03:50 PM	Gathering statistics
7/29/2019 12:03:50 PM	Gathering full-text index stoplists
7/29/2019 12:03:50 PM	Gathering search property lists
7/29/2019 12:03:50 PM	Gathering search properties
7/29/2019 12:03:50 PM	Gathering full-text indexes
7/29/2019 12:03:50 PM	Gathering column store indexes
7/29/2019 12:03:50 PM	Gathering spatial indexes
7/29/2019 12:03:50 PM	Gathering XML indexes
7/29/2019 12:03:50 PM	Gathering Selective XML indexes
7/29/2019 12:03:50 PM	Gathering encrypted triggers
7/29/2019 12:03:50 PM	Gathering triggers
7/29/2019 12:03:50 PM	Gathering encrypted and clr ddl triggers
7/29/2019 12:03:50 PM	Gathering ddl triggers
7/29/2019 12:03:50 PM	Gathering synonyms
7/29/2019 12:03:50 PM	Gathering defaults
7/29/2019 12:03:50 PM	Gathering data constraint uddt bindings
7/29/2019 12:03:50 PM	Gathering rules
7/29/2019 12:03:50 PM	Gathering data constraint uddt bindings
7/29/2019 12:03:50 PM	Gathering message types
7/29/2019 12:03:50 PM	Gathering queues
7/29/2019 12:03:50 PM	Gathering contracts
7/29/2019 12:03:50 PM	Gathering services
7/29/2019 12:03:50 PM	Gathering event notifications
7/29/2019 12:03:50 PM	Gathering remote service bindings
7/29/2019 12:03:50 PM	Gathering broker priorities
7/29/2019 12:03:50 PM	Gathering signatures
7/29/2019 12:03:50 PM	Gathering data compression options
7/29/2019 12:03:50 PM	Gathering sequence types
7/29/2019 12:03:50 PM	Gathering security policies
7/29/2019 12:03:50 PM	Gather column encryption keys
7/29/2019 12:03:50 PM	Gathering column master keys
7/29/2019 12:03:50 PM	Gathering external data sources
7/29/2019 12:03:50 PM	Gathering external file formats
7/29/2019 12:03:50 PM	Gathering external tables
7/29/2019 12:03:50 PM	Gathering extended properties
7/29/2019 12:03:50 PM	Gathering credentials
7/29/2019 12:03:50 PM	Gathering logins
7/29/2019 12:03:50 PM	Gathering server audits
7/29/2019 12:03:50 PM	Finished importing database.
7/29/2019 12:03:50 PM	A summary of the import was saved to the following location: C:\Users\saurav.srivastava\Desktop\Learning-Azure-DevOps\CI-CD-Database\CI-CD-Database\Import Schema Logs\CI-CD-Database_20190729063344.log
7/29/2019 12:03:50 PM	Click Finish to continue...
